<?xml version="1.0" encoding="UTF-8"?>
<!-- Generated by org.testng.reporters.JUnitReportReporter -->
<testsuite hostname="rutishqq100" failures="0" tests="1" name="authToken.AuthTokenTest" time="3.248" errors="0" timestamp="2021-09-14T15:04:44 IST" skipped="0">
  <testcase classname="authToken.AuthTokenTest" name="authTest" time="3.248"/>
  <system-out/>
</testsuite> <!-- authToken.AuthTokenTest -->
