<?xml version="1.0" encoding="UTF-8"?>
<!-- Generated by org.testng.reporters.JUnitReportReporter -->
<testsuite hostname="rutishqq100" failures="0" tests="1" name="RestApi_2.JenkinsDemo.AppTest" time="0.016" errors="0" timestamp="21 Sep 2021 13:30:57 GMT">
  <testcase classname="RestApi_2.JenkinsDemo.AppTest" name="FirstApi" time="0.016"/>
</testsuite> <!-- RestApi_2.JenkinsDemo.AppTest -->
